This is pdfTeX, Version 3.141592-1.40.4 (MiKTeX 2.7) (preloaded format=pdflatex 2009.5.4)  4 MAY 2009 18:18
entering extended mode
**//minipanda/School/3A/Work*Term*Report/uw-wkrpt-2.6/uw-wkrpt-cecs.tex
("//minipanda/School/3A/Work Term Report/uw-wkrpt-2.6/uw-wkrpt-cecs.tex"
LaTeX2e <2005/12/01>
Babel <v3.8h> and hyphenation patterns for english, dumylang, nohyphenation, ge
rman, ngerman, french, loaded.
(uw-wkrpt.cls
Document Class: uw-wkrpt 2003/05/20 v2.6 U. of Waterloo work reports
("C:\Program Files\MiKTeX 2.7\tex\latex\base\article.cls"
Document Class: article 2005/09/16 v1.4f Standard LaTeX document class
("C:\Program Files\MiKTeX 2.7\tex\latex\base\size12.clo"
File: size12.clo 2005/09/16 v1.4f Standard LaTeX file (size option)
)
\c@part=\count79
\c@section=\count80
\c@subsection=\count81
\c@subsubsection=\count82
\c@paragraph=\count83
\c@subparagraph=\count84
\c@figure=\count85
\c@table=\count86
\abovecaptionskip=\skip41
\belowcaptionskip=\skip42
\bibindent=\dimen102
)
("C:\Program Files\MiKTeX 2.7\tex\latex\base\ifthen.sty"
Package: ifthen 2001/05/26 v1.1c Standard LaTeX ifthen package (DPC)
)
("C:\Program Files\MiKTeX 2.7\tex\latex\preprint\fullpage.sty"
Package: fullpage 1999/02/23 1.1 (PWD)
\FP@margin=\skip43
)
("C:\Program Files\MiKTeX 2.7\tex\latex\setspace\setspace.sty"
Package: setspace 2000/12/01 6.7 Contributed and Supported LaTeX2e package

Package: `setspace' 6.7 <2000/12/01>
)
\uwwkrpt@parskip=\skip44
 ("C:\Program Files\MiKTeX 2.7\tex\latex\ltxmisc\url.sty"
\Urlmuskip=\muskip10
Package: url 2006/04/12  ver 3.3  Verb mode for urls, etc.
)
("C:\Program Files\MiKTeX 2.7\tex\latex\textcase\textcase.sty"
Package: textcase 2004/10/07 v0.07 Text only upper/lower case changing (DPC)
))
("C:\Program Files\MiKTeX 2.7\tex\latex\graphics\graphicx.sty"
Package: graphicx 1999/02/16 v1.0f Enhanced LaTeX Graphics (DPC,SPQR)

("C:\Program Files\MiKTeX 2.7\tex\latex\graphics\keyval.sty"
Package: keyval 1999/03/16 v1.13 key=value parser (DPC)
\KV@toks@=\toks14
)
("C:\Program Files\MiKTeX 2.7\tex\latex\graphics\graphics.sty"
Package: graphics 2006/02/20 v1.0o Standard LaTeX Graphics (DPC,SPQR)

("C:\Program Files\MiKTeX 2.7\tex\latex\graphics\trig.sty"
Package: trig 1999/03/16 v1.09 sin cos tan (DPC)
)
("C:\Program Files\MiKTeX 2.7\tex\latex\00miktex\graphics.cfg"
File: graphics.cfg 2007/01/18 v1.5 graphics configuration of teTeX/TeXLive
)
Package graphics Info: Driver file: pdftex.def on input line 90.

("C:\Program Files\MiKTeX 2.7\tex\latex\graphics\pdftex.def"
File: pdftex.def 2007/06/12 v0.04h Graphics/color for pdfTeX
\Gread@gobject=\count87
))
\Gin@req@height=\dimen103
\Gin@req@width=\dimen104
)
(uw-wkrpt-cecs.aux)
LaTeX Font Info:    Checking defaults for OML/cmm/m/it on input line 28.
LaTeX Font Info:    ... okay on input line 28.
LaTeX Font Info:    Checking defaults for T1/cmr/m/n on input line 28.
LaTeX Font Info:    ... okay on input line 28.
LaTeX Font Info:    Checking defaults for OT1/cmr/m/n on input line 28.
LaTeX Font Info:    ... okay on input line 28.
LaTeX Font Info:    Checking defaults for OMS/cmsy/m/n on input line 28.
LaTeX Font Info:    ... okay on input line 28.
LaTeX Font Info:    Checking defaults for OMX/cmex/m/n on input line 28.
LaTeX Font Info:    ... okay on input line 28.
LaTeX Font Info:    Checking defaults for U/cmr/m/n on input line 28.
LaTeX Font Info:    ... okay on input line 28.
 ("C:\Program Files\MiKTeX 2.7\tex\context\base\supp-pdf.tex"
[Loading MPS to PDF converter (version 2006.09.02).]
\scratchcounter=\count88
\scratchdimen=\dimen105
\scratchbox=\box26
\nofMPsegments=\count89
\nofMParguments=\count90
\MPscratchCnt=\count91
\MPscratchDim=\dimen106
\MPnumerator=\count92
\everyMPtoPDFconversion=\toks15
)
LaTeX Font Info:    External font `cmex10' loaded for size
(Font)              <24.88> on input line 85.
LaTeX Font Info:    External font `cmex10' loaded for size
(Font)              <20.74> on input line 85.
LaTeX Font Info:    External font `cmex10' loaded for size
(Font)              <17.28> on input line 85.
LaTeX Font Info:    External font `cmex10' loaded for size
(Font)              <14.4> on input line 85.
LaTeX Font Info:    External font `cmex10' loaded for size
(Font)              <7> on input line 85.
 [1

{C:/ProgramData/MiKTeX/2.7/pdftex/config/pdftex.map}]
LaTeX Font Info:    External font `cmex10' loaded for size
(Font)              <12> on input line 98.
LaTeX Font Info:    External font `cmex10' loaded for size
(Font)              <8> on input line 98.
LaTeX Font Info:    External font `cmex10' loaded for size
(Font)              <6> on input line 98.

Underfull \hbox (badness 10000) in paragraph at lines 115--115

 []


Underfull \hbox (badness 10000) in paragraph at lines 115--116

 []

[0

] (uw-wkrpt-cecs.toc)
\tf@toc=\write3
 [1


] (uw-wkrpt-cecs.lof)
\tf@lof=\write4
 [2


] (uw-wkrpt-cecs.lot)
\tf@lot=\write5

[3


] [1


] [2

]
LaTeX Font Info:    Try loading font information for OMS+cmr on input line 178.

 ("C:\Program Files\MiKTeX 2.7\tex\latex\base\omscmr.fd"
File: omscmr.fd 1999/05/25 v2.5h Standard LaTeX font definitions
)
LaTeX Font Info:    Font shape `OMS/cmr/m/n' in size <12> not available
(Font)              Font shape `OMS/cmsy/m/n' tried instead on input line 178.
 [3

]
<don-hires.pdf, id=42, 1313.90875pt x 1693.32625pt>
File: don-hires.pdf Graphic file (type pdf)
 <use don-hires.pdf>
[4

] [5 <don-hires.pdf>]
LaTeX Font Info:    External font `cmex10' loaded for size
(Font)              <5> on input line 252.
 [6

]
LaTeX Font Info:    Try loading font information for OML+cmr on input line 366.


("C:\Program Files\MiKTeX 2.7\tex\latex\base\omlcmr.fd"
File: omlcmr.fd 1999/05/25 v2.5h Standard LaTeX font definitions
)
LaTeX Font Info:    Font shape `OML/cmr/m/n' in size <12> not available
(Font)              Font shape `OML/cmm/m/it' tried instead on input line 366.
 [7] [8] [9

] [10

]
[11

] [12

] (uw-wkrpt-cecs.bbl
Underfull \hbox (badness 4366) in paragraph at lines 43--48
\OT1/cmss/m/n/12 / / carbon . cuderwer . edu / []hgreenbe / aboutme / simplied
-[]intro . html$ \OT1/cmr/m/n/12 (cur-rent
 []

) [13


] [14

] [15

] [16

] [17] [18] [19] [20]
\c@Enumi=\count93

Overfull \hbox (14.63934pt too wide) in paragraph at lines 744--753
[]\OT1/cmr/m/n/12 BECAUSE THE PRO-GRAM IS LI-CENSED FREE OF CHARGE, THERE
 []


Overfull \hbox (16.10594pt too wide) in paragraph at lines 744--753
\OT1/cmr/m/n/12 STATED IN WRIT-ING THE COPY-RIGHT HOLD-ERS AND/OR OTHER
 []


Overfull \hbox (5.15744pt too wide) in paragraph at lines 744--753
\OT1/cmr/m/n/12 OF MER-CHANTABIL-ITY AND FIT-NESS FOR A PAR-TIC-U-LAR PUR-
 []


Overfull \hbox (9.07405pt too wide) in paragraph at lines 754--763
\OT1/cmr/m/n/12 ANY OTHER PARTY WHO MAY MOD-IFY AND/OR RE-DIS-TRIBUTE
 []


Overfull \hbox (1.41858pt too wide) in paragraph at lines 754--763
\OT1/cmr/m/n/12 DEN-TAL OR CON-SE-QUEN-TIAL DAM-AGES ARIS-ING OUT OF THE
 []

[21]
Overfull \hbox (15.13635pt too wide) in paragraph at lines 806--811
\OT1/cmtt/m/n/10 Gnomovision comes with ABSOLUTELY NO WARRANTY; for details typ
e `show w'. 
 []

[22]
Overfull \hbox (9.8864pt too wide) in paragraph at lines 822--827
\OT1/cmtt/m/n/10 `Gnomovision' (which makes passes at compilers) written by Jam
es Hacker. 
 []

[23] (uw-wkrpt-cecs.aux) ) 
Here is how much of TeX's memory you used:
 1290 strings out of 95340
 15579 string characters out of 1184194
 65916 words of memory out of 1500000
 4480 multiletter control sequences out of 110000
 14381 words of font info for 50 fonts, out of 1200000 for 2000
 14 hyphenation exceptions out of 8191
 28i,10n,21p,271b,312s stack positions out of 5000i,500n,10000p,200000b,5000s
<C:/Program Files/MiKTeX 2.7/fonts/type1/bluesky/cm/c
mbx10.pfb><C:/Program Files/MiKTeX 2.7/fonts/type1/bluesky/cm/cmbx12.pfb><C:/Pr
ogram Files/MiKTeX 2.7/fonts/type1/bluesky/cm/cmbx8.pfb><C:/Program Files/MiKTe
X 2.7/fonts/type1/bluesky/cm/cmcsc10.pfb><C:/Program Files/MiKTeX 2.7/fonts/typ
e1/bluesky/cm/cmex10.pfb><C:/Program Files/MiKTeX 2.7/fonts/type1/bluesky/cm/cm
itt10.pfb><C:/Program Files/MiKTeX 2.7/fonts/type1/bluesky/cm/cmmi12.pfb><C:/Pr
ogram Files/MiKTeX 2.7/fonts/type1/bluesky/cm/cmmi8.pfb><C:/Program Files/MiKTe
X 2.7/fonts/type1/bluesky/cm/cmr10.pfb><C:/Program Files/MiKTeX 2.7/fonts/type1
/bluesky/cm/cmr12.pfb><C:/Program Files/MiKTeX 2.7/fonts/type1/bluesky/cm/cmr17
.pfb><C:/Program Files/MiKTeX 2.7/fonts/type1/bluesky/cm/cmr7.pfb><C:/Program F
iles/MiKTeX 2.7/fonts/type1/bluesky/cm/cmr8.pfb><C:/Program Files/MiKTeX 2.7/fo
nts/type1/bluesky/cm/cmsl12.pfb><C:/Program Files/MiKTeX 2.7/fonts/type1/bluesk
y/cm/cmss12.pfb><C:/Program Files/MiKTeX 2.7/fonts/type1/bluesky/cm/cmsy10.pfb>
<C:/Program Files/MiKTeX 2.7/fonts/type1/bluesky/cm/cmsy8.pfb><C:/Program Files
/MiKTeX 2.7/fonts/type1/bluesky/cm/cmti12.pfb><C:/Program Files/MiKTeX 2.7/font
s/type1/bluesky/cm/cmti8.pfb><C:/Program Files/MiKTeX 2.7/fonts/type1/bluesky/c
m/cmtt10.pfb><C:/Program Files/MiKTeX 2.7/fonts/type1/bluesky/cm/cmtt12.pfb><C:
/Program Files/MiKTeX 2.7/fonts/type1/bluesky/latex-fonts/line10.pfb>
Output written on uw-wkrpt-cecs.pdf (28 pages, 298368 bytes).
PDF statistics:
 185 PDF objects out of 1000 (max. 8388607)
 0 named destinations out of 1000 (max. 131072)
 6 words of extra memory for PDF output out of 10000 (max. 10000000)

